<?xml version="1.0" encoding="UTF-8"?>
<testng-results ignored="0" total="1" passed="1" failed="0" skipped="0">
  <reporter-output>
  </reporter-output>
  <suite started-at="2024-01-12T15:52:57 EST" name="Default suite" finished-at="2024-01-12T15:53:05 EST" duration-ms="8870">
    <groups>
    </groups>
    <test started-at="2024-01-12T15:52:57 EST" name="Default test" finished-at="2024-01-12T15:53:05 EST" duration-ms="8870">
      <class name="com.qa.Testcases.LoginTest">
        <test-method is-config="true" signature="setup()[pri:0, instance:com.qa.Testcases.LoginTest@4f83df68]" started-at="2024-01-12T15:52:57 EST" name="setup" finished-at="2024-01-12T15:53:03 EST" duration-ms="6000" status="PASS">
          <reporter-output>
          </reporter-output>
        </test-method> <!-- setup -->
        <test-method signature="loginWithValidCredentials()[pri:0, instance:com.qa.Testcases.LoginTest@4f83df68]" started-at="2024-01-12T15:53:03 EST" name="loginWithValidCredentials" finished-at="2024-01-12T15:53:05 EST" duration-ms="2776" status="PASS">
          <reporter-output>
          </reporter-output>
        </test-method> <!-- loginWithValidCredentials -->
      </class> <!-- com.qa.Testcases.LoginTest -->
    </test> <!-- Default test -->
  </suite> <!-- Default suite -->
</testng-results>
